Logger started at: Saturday, April 18, 2015 8:51:43 PM EDT
Component: com.appcelerator.titanium.ios.core
Version: 1.0.0.1411756658
[51:43.312] Sent: >21*1429404703312*version<
[51:43.312] Recv: >1429404703312*2*3.6.0<
[51:43.313] Sent: >45*1429404703313*option*stepFiltersEnabled*false<
[51:43.314] Recv: >1429404703313<
[51:43.314] Sent: >36*1429404703314*option*monitorXHR*true<
[51:43.314] Recv: >1429404703314<
[51:43.314] Sent: >45*1429404703315*option*suspendOnFirstLine*false<
[51:43.315] Recv: >1429404703315<
[51:43.315] Sent: >46*1429404703316*option*suspendOnExceptions*false<
[51:43.315] Recv: >1429404703316<
[51:43.315] Sent: >41*1429404703317*option*suspendOnErrors*true<
[51:43.316] Recv: >1429404703317<
[51:43.316] Sent: >43*1429404703318*option*suspendOnKeywords*true<
[51:43.316] Recv: >1429404703318<
[51:43.316] Sent: >45*1429404703319*option*bypassConstructors*false<
[51:43.316] Recv: >1429404703319<
[51:43.317] Sent: >45*1429404703320*option*stepFiltersEnabled*false<
[51:43.317] Recv: >1429404703320<
[51:43.317] Sent: >30*1429404703321*detailFormatters<
[51:43.317] Recv: >1429404703321<
[51:43.317] Sent: >20*1429404703322*enable<
[51:43.318] Recv: >1429404703322<
[51:43.324] Recv: >threads*created*0*kroll$1<
[51:43.329] Recv: >log*out*[DEBUG] Loading: /Users/keddoncampbell/Library/Developer/CoreSimulator/Devices/5BC1582F-905F-4976-A555-7B16C93C4E8C/data/Containers/Bundle/Application/AEDD98DB-1D04-4EAD-ABB7-018DB005C8BC/Campbell_Keddon_Project2.app/app.js, Resource: app_js<
[51:43.330] Recv: >scripts*created*1|app:/app.js||1|66<
[51:43.330] Recv: >resumed*0*started<
[51:43.334] Recv: >log*out*[DEBUG] Loading: /Users/keddoncampbell/Library/Developer/CoreSimulator/Devices/5BC1582F-905F-4976-A555-7B16C93C4E8C/data/Containers/Bundle/Application/AEDD98DB-1D04-4EAD-ABB7-018DB005C8BC/Campbell_Keddon_Project2.app/_app_props_.json, Resource: _app_props__json<
[51:43.440] Recv: >log*out*[DEBUG] Application booted in 198.062003 ms<
----------End of file----------
